[debug] [2023-11-30T04:59:10.859Z] ----------------------------------------------------------------------
[debug] [2023-11-30T04:59:10.861Z] Command:       C:\Program Files\nodejs\node.exe C:\Users\Cyber Park\AppData\Roaming\npm\node_modules\firebase-tools\lib\bin\firebase.js init
[debug] [2023-11-30T04:59:10.862Z] CLI Version:   12.9.1
[debug] [2023-11-30T04:59:10.862Z] Platform:      win32
[debug] [2023-11-30T04:59:10.862Z] Node Version:  v18.12.1
[debug] [2023-11-30T04:59:10.863Z] Time:          Thu Nov 30 2023 10:29:10 GMT+0530 (India Standard Time)
[debug] [2023-11-30T04:59:10.864Z] ----------------------------------------------------------------------
[debug] 
[debug] [2023-11-30T04:59:10.870Z] > command requires scopes: ["email","openid","https://www.googleapis.com/auth/cloudplatformprojects.readonly","https://www.googleapis.com/auth/firebase","https://www.googleapis.com/auth/cloud-platform"]
[debug] [2023-11-30T04:59:10.871Z] > authorizing via signed-in user (shanukadeva2000@gmail.com)
[info] 
     ######## #### ########  ######## ########     ###     ######  ########
     ##        ##  ##     ## ##       ##     ##  ##   ##  ##       ##
     ######    ##  ########  ######   ########  #########  ######  ######
     ##        ##  ##    ##  ##       ##     ## ##     ##       ## ##
     ##       #### ##     ## ######## ########  ##     ##  ######  ########

You're about to initialize a Firebase project in this directory:

  D:\PS Portfolio (SA22401144)

[info] 
=== Project Setup
[info] 
[info] First, let's associate this project directory with a Firebase project.
[info] You can create multiple project aliases by running firebase use --add, 
[info] but for now we'll just set up a default project.
[info] 
[debug] [2023-11-30T05:00:35.432Z] >>> [apiv2][query] GET https://firebase.googleapis.com/v1beta1/projects pageSize=100
[debug] [2023-11-30T05:00:36.814Z] <<< [apiv2][status] GET https://firebase.googleapis.com/v1beta1/projects 200
[debug] [2023-11-30T05:00:36.815Z] <<< [apiv2][body] GET https://firebase.googleapis.com/v1beta1/projects [omitted]
[info] i  Using project proffecianalskillspoetfolio (ProffecianalSkillsPoetfolio) 
[info] 
=== Hosting Setup
[debug] [2023-11-30T05:00:46.218Z] >>> [apiv2][query] GET https://firebase.googleapis.com/v1beta1/projects/proffecianalskillspoetfolio [none]
[debug] [2023-11-30T05:00:47.459Z] <<< [apiv2][status] GET https://firebase.googleapis.com/v1beta1/projects/proffecianalskillspoetfolio 200
[debug] [2023-11-30T05:00:47.460Z] <<< [apiv2][body] GET https://firebase.googleapis.com/v1beta1/projects/proffecianalskillspoetfolio {"projectId":"proffecianalskillspoetfolio","projectNumber":"60296757730","displayName":"ProffecianalSkillsPoetfolio","name":"projects/proffecianalskillspoetfolio","resources":{"hostingSite":"proffecianalskillspoetfolio"},"state":"ACTIVE","etag":"1_27e59b06-d6ac-4dd0-b91e-1051608fc08d"}
[info] 
[info] Your public directory is the folder (relative to your project directory) that
[info] will contain Hosting assets to be uploaded with firebase deploy. If you
[info] have a build process for your assets, use your build's output directory.
[info] 
